<?xml version="1.0" encoding="UTF-8"?>
<!-- Generated by org.testng.reporters.JUnitXMLReporter -->
<testsuite ignored="0" hostname="DESKTOP-FNU9VKV" failures="0" tests="10" name="Surefire test" time="19.385" errors="0" timestamp="2023-05-24T15:13:04 IST">
  <testcase classname="api.test.DDTests" name="testPostuser" time="4.335"/>
  <testcase classname="api.test.DDTests" name="testPostuser" time="1.151"/>
  <testcase classname="api.test.DDTests" name="testPostuser" time="1.126"/>
  <testcase classname="api.test.DDTests" name="testDeleteUserByName" time="1.185"/>
  <testcase classname="api.test.DDTests" name="testDeleteUserByName" time="1.181"/>
  <testcase classname="api.test.DDTests" name="testDeleteUserByName" time="1.124"/>
  <testcase classname="api.test.UserTest" name="testPostUser" time="1.241"/>
  <testcase classname="api.test.UserTest" name="testGetUserByName" time="1.155"/>
  <testcase classname="api.test.UserTest" name="testUpdateUserByName" time="2.259"/>
  <testcase classname="api.test.UserTest" name="testDeleteUserByName" time="1.154"/>
</testsuite> <!-- Surefire test -->
