<?xml version="1.0" encoding="UTF-8"?>
<!-- Generated by org.testng.reporters.JUnitXMLReporter -->
<testsuite ignored="0" hostname="DESKTOP-FNU9VKV" failures="0" tests="6" name="Default test" time="14.012" errors="0" timestamp="2023-05-24T11:02:17 IST">
  <testcase classname="api.test.DDTests" name="testPostuser" time="4.703"/>
  <testcase classname="api.test.DDTests" name="testPostuser" time="1.336"/>
  <testcase classname="api.test.DDTests" name="testPostuser" time="1.751"/>
  <testcase classname="api.test.DDTests" name="testDeleteUserByName" time="1.161"/>
  <testcase classname="api.test.DDTests" name="testDeleteUserByName" time="1.145"/>
  <testcase classname="api.test.DDTests" name="testDeleteUserByName" time="1.119"/>
</testsuite> <!-- Default test -->
