<?xml version="1.0" encoding="UTF-8"?>
<!-- Generated by org.testng.reporters.JUnitXMLReporter -->
<testsuite ignored="0" hostname="DESKTOP-FNU9VKV" failures="0" tests="4" name="PetTest" time="11.002" errors="0" timestamp="2023-05-24T14:19:17 IST">
  <testcase classname="api.test.UserTest2" name="testPostUser" time="4.371"/>
  <testcase classname="api.test.UserTest2" name="testGetUserByName" time="1.471"/>
  <testcase classname="api.test.UserTest2" name="testUpdateUserByName" time="2.781"/>
  <testcase classname="api.test.UserTest2" name="testDeleteUserByName" time="1.447"/>
</testsuite> <!-- PetTest -->
